  face_recognition.cpp
c:\users\zhouliguo\documents\visual studio 2015\projects\whufacerecognition\include\tensorflow\google\protobuf\io\coded_stream.h(870): warning C4800: 'google::protobuf::internal::AtomicWord': forcing value to bool 'true' or 'false' (performance warning)
c:\users\zhouliguo\documents\visual studio 2015\projects\whufacerecognition\include\tensorflow\google\protobuf\io\coded_stream.h(874): warning C4800: 'google::protobuf::internal::Atomic64': forcing value to bool 'true' or 'false' (performance warning)
c:\users\zhouliguo\documents\visual studio 2015\projects\whufacerecognition\include\tensorflow\google\protobuf\generated_message_util.h(160): warning C4800: 'google::protobuf::uint32': forcing value to bool 'true' or 'false' (performance warning)
c:\users\zhouliguo\documents\visual studio 2015\projects\whufacerecognition\include\tensorflow\tensorflow\core\lib\bfloat16\bfloat16.h(107): warning C4800: 'float': forcing value to bool 'true' or 'false' (performance warning)
c:\users\zhouliguo\documents\visual studio 2015\projects\whufacerecognition\include\tensorflow\tensorflow\core\framework\allocator.h(359): warning C4800: 'tensorflow::uint32': forcing value to bool 'true' or 'false' (performance warning)
c:\users\zhouliguo\documents\visual studio 2015\projects\whufacerecognition\include\tensorflow\tensorflow\core\framework\allocator.h(361): warning C4800: 'tensorflow::uint32': forcing value to bool 'true' or 'false' (performance warning)
c:\users\zhouliguo\documents\visual studio 2015\projects\whufacerecognition\include\tensorflow\external\eigen_archive\unsupported\eigen\cxx11\src\tensor\tensor.h(76): warning C4554: '&': check operator precedence for possible error; use parentheses to clarify precedence
  c:\users\zhouliguo\documents\visual studio 2015\projects\whufacerecognition\include\tensorflow\external\eigen_archive\unsupported\eigen\cxx11\src\tensor\tensormap.h(31): note: see reference to class template instantiation 'Eigen::Tensor<T,1,1,int>' being compiled
          with
          [
              T=float
          ]
  c:\users\zhouliguo\documents\visual studio 2015\projects\whufacerecognition\include\tensorflow\tensorflow\core\framework\tensor_types.h(105): note: see reference to class template instantiation 'Eigen::TensorMap<Eigen::Tensor<T,1,1,int>,16,Eigen::MakePointer>' being compiled
          with
          [
              T=float
          ]
c:\users\zhouliguo\documents\visual studio 2015\projects\whufacerecognition\include\tensorflow\google\protobuf\map_field_inl.h(236): warning C4800: 'google::protobuf::Map<std::string,tensorflow::AttrValue>::std::size_type': forcing value to bool 'true' or 'false' (performance warning)
  c:\users\zhouliguo\documents\visual studio 2015\projects\whufacerecognition\include\tensorflow\google\protobuf\map_field_inl.h(234): note: while compiling class template member function 'bool google::protobuf::internal::MapField<tensorflow::NameAttrList::NameAttrList_AttrEntry,std::string,tensorflow::AttrValue,google::protobuf::internal::WireFormatLite::TYPE_STRING,google::protobuf::internal::WireFormatLite::TYPE_MESSAGE,0>::DeleteMapValue(const google::protobuf::MapKey &)'
  c:\users\zhouliguo\documents\visual studio 2015\projects\whufacerecognition\include\tensorflow\tensorflow\core\framework\attr_value.pb.h(748): note: see reference to class template instantiation 'google::protobuf::internal::MapField<tensorflow::NameAttrList::NameAttrList_AttrEntry,std::string,tensorflow::AttrValue,google::protobuf::internal::WireFormatLite::TYPE_STRING,google::protobuf::internal::WireFormatLite::TYPE_MESSAGE,0>' being compiled
c:\users\zhouliguo\documents\visual studio 2015\projects\whufacerecognition\include\tensorflow\google\protobuf\map_field_inl.h(236): warning C4800: 'google::protobuf::Map<std::string,std::string>::std::size_type': forcing value to bool 'true' or 'false' (performance warning)
  c:\users\zhouliguo\documents\visual studio 2015\projects\whufacerecognition\include\tensorflow\google\protobuf\map_field_inl.h(234): note: while compiling class template member function 'bool google::protobuf::internal::MapField<tensorflow::FunctionDef::FunctionDef_RetEntry,std::string,std::string,google::protobuf::internal::WireFormatLite::TYPE_STRING,google::protobuf::internal::WireFormatLite::TYPE_STRING,0>::DeleteMapValue(const google::protobuf::MapKey &)'
  c:\users\zhouliguo\documents\visual studio 2015\projects\whufacerecognition\include\tensorflow\tensorflow\core\framework\function.pb.h(388): note: see reference to class template instantiation 'google::protobuf::internal::MapField<tensorflow::FunctionDef::FunctionDef_RetEntry,std::string,std::string,google::protobuf::internal::WireFormatLite::TYPE_STRING,google::protobuf::internal::WireFormatLite::TYPE_STRING,0>' being compiled
c:\users\zhouliguo\documents\visual studio 2015\projects\whufacerecognition\include\tensorflow\google\protobuf\map_field_inl.h(236): warning C4800: 'google::protobuf::Map<google::protobuf::int32,std::string>::std::size_type': forcing value to bool 'true' or 'false' (performance warning)
  c:\users\zhouliguo\documents\visual studio 2015\projects\whufacerecognition\include\tensorflow\google\protobuf\map_field_inl.h(234): note: while compiling class template member function 'bool google::protobuf::internal::MapField<tensorflow::JobDef::JobDef_TasksEntry,google::protobuf::int32,std::string,google::protobuf::internal::WireFormatLite::TYPE_INT32,google::protobuf::internal::WireFormatLite::TYPE_STRING,0>::DeleteMapValue(const google::protobuf::MapKey &)'
  c:\users\zhouliguo\documents\visual studio 2015\projects\whufacerecognition\include\tensorflow\tensorflow\core\protobuf\cluster.pb.h(222): note: see reference to class template instantiation 'google::protobuf::internal::MapField<tensorflow::JobDef::JobDef_TasksEntry,google::protobuf::int32,std::string,google::protobuf::internal::WireFormatLite::TYPE_INT32,google::protobuf::internal::WireFormatLite::TYPE_STRING,0>' being compiled
c:\users\zhouliguo\documents\visual studio 2015\projects\whufacerecognition\include\tensorflow\google\protobuf\map_field_inl.h(236): warning C4800: 'google::protobuf::Map<std::string,google::protobuf::int32>::std::size_type': forcing value to bool 'true' or 'false' (performance warning)
  c:\users\zhouliguo\documents\visual studio 2015\projects\whufacerecognition\include\tensorflow\google\protobuf\map_field_inl.h(234): note: while compiling class template member function 'bool google::protobuf::internal::MapField<tensorflow::ConfigProto::ConfigProto_DeviceCountEntry,std::string,google::protobuf::int32,google::protobuf::internal::WireFormatLite::TYPE_STRING,google::protobuf::internal::WireFormatLite::TYPE_INT32,0>::DeleteMapValue(const google::protobuf::MapKey &)'
  c:\users\zhouliguo\documents\visual studio 2015\projects\whufacerecognition\include\tensorflow\tensorflow\core\protobuf\config.pb.h(1543): note: see reference to class template instantiation 'google::protobuf::internal::MapField<tensorflow::ConfigProto::ConfigProto_DeviceCountEntry,std::string,google::protobuf::int32,google::protobuf::internal::WireFormatLite::TYPE_STRING,google::protobuf::internal::WireFormatLite::TYPE_INT32,0>' being compiled
  math_functions.cpp
  Generating Code...
  TF_FaceRecognition.vcxproj -> C:\Users\zhouliguo\Documents\Visual Studio 2015\Projects\WHUFaceRecognition\x64\Debug\TF_FaceRecognition.exe
  TF_FaceRecognition.vcxproj -> C:\Users\zhouliguo\Documents\Visual Studio 2015\Projects\WHUFaceRecognition\x64\Debug\TF_FaceRecognition.pdb (Partial PDB)
